This is pdfTeX, Version 3.14159265-2.6-1.40.19 (TeX Live 2018) (preloaded format=pdflatex 2019.2.16)  28 FEB 2019 22:03
entering extended mode
 restricted \write18 enabled.
 %&-line parsing enabled.
**cloverflow.tex
(./cloverflow.tex
LaTeX2e <2018-12-01>
(./IEEEtran.cls
Document Class: IEEEtran 2015/08/26 V1.8b by Michael Shell
-- See the "IEEEtran_HOWTO" manual for usage information.
-- http://www.michaelshell.org/tex/ieeetran/
\@IEEEtrantmpdimenA=\dimen102
\@IEEEtrantmpdimenB=\dimen103
\@IEEEtrantmpdimenC=\dimen104
\@IEEEtrantmpcountA=\count80
\@IEEEtrantmpcountB=\count81
\@IEEEtrantmpcountC=\count82
\@IEEEtrantmptoksA=\toks14
LaTeX Font Info:    Try loading font information for OT1+ppl on input line 503.

(/usr/local/texlive/2018/texmf-dist/tex/latex/psnfss/ot1ppl.fd
File: ot1ppl.fd 2001/06/04 font definitions for OT1/ppl.
)
-- Using IEEE Computer Society mode.
-- Using 8.5in x 11in (letter) paper.
-- Using PDF output.
\@IEEEnormalsizeunitybaselineskip=\dimen105
-- This is a 10 point document.
\CLASSINFOnormalsizebaselineskip=\dimen106
\CLASSINFOnormalsizeunitybaselineskip=\dimen107
\IEEEnormaljot=\dimen108
LaTeX Font Info:    Font shape `OT1/ppl/bx/n' in size <5.01874> not available
(Font)              Font shape `OT1/ppl/b/n' tried instead on input line 1090.
LaTeX Font Info:    Font shape `OT1/ppl/bx/it' in size <5.01874> not available
(Font)              Font shape `OT1/ppl/b/it' tried instead on input line 1090.

LaTeX Font Info:    Font shape `OT1/ppl/bx/n' in size <7.02625> not available
(Font)              Font shape `OT1/ppl/b/n' tried instead on input line 1090.
LaTeX Font Info:    Font shape `OT1/ppl/bx/it' in size <7.02625> not available
(Font)              Font shape `OT1/ppl/b/it' tried instead on input line 1090.

LaTeX Font Info:    Font shape `OT1/ppl/bx/n' in size <8.03> not available
(Font)              Font shape `OT1/ppl/b/n' tried instead on input line 1090.
LaTeX Font Info:    Font shape `OT1/ppl/bx/it' in size <8.03> not available
(Font)              Font shape `OT1/ppl/b/it' tried instead on input line 1090.

LaTeX Font Info:    Font shape `OT1/ppl/bx/n' in size <9.03374> not available
(Font)              Font shape `OT1/ppl/b/n' tried instead on input line 1090.
LaTeX Font Info:    Font shape `OT1/ppl/bx/it' in size <9.03374> not available
(Font)              Font shape `OT1/ppl/b/it' tried instead on input line 1090.

LaTeX Font Info:    Font shape `OT1/ppl/bx/n' in size <9.53561> not available
(Font)              Font shape `OT1/ppl/b/n' tried instead on input line 1090.
LaTeX Font Info:    Font shape `OT1/ppl/bx/it' in size <9.53561> not available
(Font)              Font shape `OT1/ppl/b/it' tried instead on input line 1090.

LaTeX Font Info:    Font shape `OT1/ppl/bx/n' in size <11.04124> not available
(Font)              Font shape `OT1/ppl/b/n' tried instead on input line 1090.
LaTeX Font Info:    Font shape `OT1/ppl/bx/it' in size <11.04124> not available

(Font)              Font shape `OT1/ppl/b/it' tried instead on input line 1090.

LaTeX Font Info:    Font shape `OT1/ppl/bx/n' in size <12.045> not available
(Font)              Font shape `OT1/ppl/b/n' tried instead on input line 1090.
LaTeX Font Info:    Font shape `OT1/ppl/bx/it' in size <12.045> not available
(Font)              Font shape `OT1/ppl/b/it' tried instead on input line 1090.

LaTeX Font Info:    Font shape `OT1/ppl/bx/n' in size <17.06374> not available
(Font)              Font shape `OT1/ppl/b/n' tried instead on input line 1090.
LaTeX Font Info:    Font shape `OT1/ppl/bx/it' in size <17.06374> not available

(Font)              Font shape `OT1/ppl/b/it' tried instead on input line 1090.

LaTeX Font Info:    Font shape `OT1/ppl/bx/n' in size <20.075> not available
(Font)              Font shape `OT1/ppl/b/n' tried instead on input line 1090.
LaTeX Font Info:    Font shape `OT1/ppl/bx/it' in size <20.075> not available
(Font)              Font shape `OT1/ppl/b/it' tried instead on input line 1090.

LaTeX Font Info:    Font shape `OT1/ppl/bx/n' in size <24.09> not available
(Font)              Font shape `OT1/ppl/b/n' tried instead on input line 1090.
LaTeX Font Info:    Font shape `OT1/ppl/bx/it' in size <24.09> not available
(Font)              Font shape `OT1/ppl/b/it' tried instead on input line 1090.

\IEEEquantizedlength=\dimen109
\IEEEquantizedlengthdiff=\dimen110
\IEEEquantizedtextheightdiff=\dimen111
\IEEEilabelindentA=\dimen112
\IEEEilabelindentB=\dimen113
\IEEEilabelindent=\dimen114
\IEEEelabelindent=\dimen115
\IEEEdlabelindent=\dimen116
\IEEElabelindent=\dimen117
\IEEEiednormlabelsep=\dimen118
\IEEEiedmathlabelsep=\dimen119
\IEEEiedtopsep=\skip41
\c@section=\count83
\c@subsection=\count84
\c@subsubsection=\count85
\c@paragraph=\count86
\c@IEEEsubequation=\count87
\abovecaptionskip=\skip42
\belowcaptionskip=\skip43
\c@figure=\count88
\c@table=\count89
\@IEEEeqnnumcols=\count90
\@IEEEeqncolcnt=\count91
\@IEEEsubeqnnumrollback=\count92
\@IEEEquantizeheightA=\dimen120
\@IEEEquantizeheightB=\dimen121
\@IEEEquantizeheightC=\dimen122
\@IEEEquantizeprevdepth=\dimen123
\@IEEEquantizemultiple=\count93
\@IEEEquantizeboxA=\box27
\@IEEEtmpitemindent=\dimen124
\IEEEPARstartletwidth=\dimen125
\c@IEEEbiography=\count94
\@IEEEtranrubishbin=\box28
) (/usr/local/texlive/2018/texmf-dist/tex/latex/cite/cite.sty
LaTeX Info: Redefining \cite on input line 302.
LaTeX Info: Redefining \nocite on input line 332.
Package: cite 2015/02/27  v 5.5
)
(/usr/local/texlive/2018/texmf-dist/tex/latex/booktabs/booktabs.sty
Package: booktabs 2016/04/27 v1.618033 publication quality tables
\heavyrulewidth=\dimen126
\lightrulewidth=\dimen127
\cmidrulewidth=\dimen128
\belowrulesep=\dimen129
\belowbottomsep=\dimen130
\aboverulesep=\dimen131
\abovetopsep=\dimen132
\cmidrulesep=\dimen133
\cmidrulekern=\dimen134
\defaultaddspace=\dimen135
\@cmidla=\count95
\@cmidlb=\count96
\@aboverulesep=\dimen136
\@belowrulesep=\dimen137
\@thisruleclass=\count97
\@lastruleclass=\count98
\@thisrulewidth=\dimen138
)
(/usr/local/texlive/2018/texmf-dist/tex/latex/base/inputenc.sty
Package: inputenc 2018/08/11 v1.3c Input encoding file
\inpenc@prehook=\toks15
\inpenc@posthook=\toks16
)
(/usr/local/texlive/2018/texmf-dist/tex/generic/babel/babel.sty
Package: babel 2018/11/13 3.27 The Babel package

(/usr/local/texlive/2018/texmf-dist/tex/generic/babel/switch.def
File: switch.def 2018/11/13 3.27 Babel switching mechanism
)
(/usr/local/texlive/2018/texmf-dist/tex/generic/babel-english/english.ldf
Language: english 2017/06/06 v3.3r English support from the babel system

(/usr/local/texlive/2018/texmf-dist/tex/generic/babel/babel.def
File: babel.def 2018/11/13 3.27 Babel common definitions
\babel@savecnt=\count99
\U@D=\dimen139

(/usr/local/texlive/2018/texmf-dist/tex/generic/babel/txtbabel.def)
\bbl@dirlevel=\count100
)
\l@canadian = a dialect from \language\l@american 
\l@australian = a dialect from \language\l@british 
\l@newzealand = a dialect from \language\l@british 
))
(/usr/local/texlive/2018/texmf-dist/tex/latex/base/fontenc.sty
Package: fontenc 2018/08/11 v2.0j Standard LaTeX package

(/usr/local/texlive/2018/texmf-dist/tex/latex/base/t1enc.def
File: t1enc.def 2018/08/11 v2.0j Standard LaTeX file
LaTeX Font Info:    Redeclaring font encoding T1 on input line 48.
)
LaTeX Font Info:    Try loading font information for T1+ppl on input line 105.

(/usr/local/texlive/2018/texmf-dist/tex/latex/psnfss/t1ppl.fd
File: t1ppl.fd 2001/06/04 font definitions for T1/ppl.
))
(/usr/local/texlive/2018/texmf-dist/tex/latex/url/url.sty
\Urlmuskip=\muskip10
Package: url 2013/09/16  ver 3.4  Verb mode for urls, etc.
)
(/usr/local/texlive/2018/texmf-dist/tex/latex/graphics/graphicx.sty
Package: graphicx 2017/06/01 v1.1a Enhanced LaTeX Graphics (DPC,SPQR)

(/usr/local/texlive/2018/texmf-dist/tex/latex/graphics/keyval.sty
Package: keyval 2014/10/28 v1.15 key=value parser (DPC)
\KV@toks@=\toks17
)
(/usr/local/texlive/2018/texmf-dist/tex/latex/graphics/graphics.sty
Package: graphics 2017/06/25 v1.2c Standard LaTeX Graphics (DPC,SPQR)

(/usr/local/texlive/2018/texmf-dist/tex/latex/graphics/trig.sty
Package: trig 2016/01/03 v1.10 sin cos tan (DPC)
)
(/usr/local/texlive/2018/texmf-dist/tex/latex/graphics-cfg/graphics.cfg
File: graphics.cfg 2016/06/04 v1.11 sample graphics configuration
)
Package graphics Info: Driver file: pdftex.def on input line 99.

(/usr/local/texlive/2018/texmf-dist/tex/latex/graphics-def/pdftex.def
File: pdftex.def 2018/01/08 v1.0l Graphics/color driver for pdftex
))
\Gin@req@height=\dimen140
\Gin@req@width=\dimen141
)
(/usr/local/texlive/2018/texmf-dist/tex/latex/listings/listings.sty
\lst@mode=\count101
\lst@gtempboxa=\box29
\lst@token=\toks18
\lst@length=\count102
\lst@currlwidth=\dimen142
\lst@column=\count103
\lst@pos=\count104
\lst@lostspace=\dimen143
\lst@width=\dimen144
\lst@newlines=\count105
\lst@lineno=\count106
\lst@maxwidth=\dimen145

(/usr/local/texlive/2018/texmf-dist/tex/latex/listings/lstmisc.sty
File: lstmisc.sty 2018/09/02 1.7 (Carsten Heinz)
\c@lstnumber=\count107
\lst@skipnumbers=\count108
\lst@framebox=\box30
)
(/usr/local/texlive/2018/texmf-dist/tex/latex/listings/listings.cfg
File: listings.cfg 2018/09/02 1.7 listings configuration
))
Package: listings 2018/09/02 1.7 (Carsten Heinz)

(/usr/local/texlive/2018/texmf-dist/tex/latex/tools/array.sty
Package: array 2018/12/30 v2.4k Tabular extension package (FMi)
\col@sep=\dimen146
\ar@mcellbox=\box31
\extrarowheight=\dimen147
\NC@list=\toks19
\extratabsurround=\skip44
\backup@length=\skip45
\ar@cellbox=\box32
)
(/usr/local/texlive/2018/texmf-dist/tex/latex/multirow/multirow.sty
Package: multirow 2019/01/01 v2.4 Span multiple rows of a table
\multirow@colwidth=\skip46
\multirow@cntb=\count109
\multirow@dima=\skip47
\bigstrutjot=\dimen148
)
(/usr/local/texlive/2018/texmf-dist/tex/latex/float/float.sty
Package: float 2001/11/08 v1.3d Float enhancements (AL)
\c@float@type=\count110
\float@exts=\toks20
\float@box=\box33
\@float@everytoks=\toks21
\@floatcapt=\box34
)
(/usr/local/texlive/2018/texmf-dist/tex/latex/ms/ragged2e.sty
Package: ragged2e 2009/05/21 v2.1 ragged2e Package (MS)

(/usr/local/texlive/2018/texmf-dist/tex/latex/ms/everysel.sty
Package: everysel 2011/10/28 v1.2 EverySelectfont Package (MS)
)
\CenteringLeftskip=\skip48
\RaggedLeftLeftskip=\skip49
\RaggedRightLeftskip=\skip50
\CenteringRightskip=\skip51
\RaggedLeftRightskip=\skip52
\RaggedRightRightskip=\skip53
\CenteringParfillskip=\skip54
\RaggedLeftParfillskip=\skip55
\RaggedRightParfillskip=\skip56
\JustifyingParfillskip=\skip57
\CenteringParindent=\skip58
\RaggedLeftParindent=\skip59
\RaggedRightParindent=\skip60
\JustifyingParindent=\skip61
)
(/usr/local/texlive/2018/texmf-dist/tex/latex/caption/subcaption.sty
Package: subcaption 2018/05/01 v1.1-162 Sub-captions (AR)

(/usr/local/texlive/2018/texmf-dist/tex/latex/caption/caption.sty
Package: caption 2018/10/06 v3.3-154 Customizing captions (AR)

(/usr/local/texlive/2018/texmf-dist/tex/latex/caption/caption3.sty
Package: caption3 2018/09/12 v1.8c caption3 kernel (AR)
Package caption3 Info: TeX engine: e-TeX on input line 64.
\captionmargin=\dimen149
\captionmargin@=\dimen150
\captionwidth=\dimen151
\caption@tempdima=\dimen152
\caption@indent=\dimen153
\caption@parindent=\dimen154
\caption@hangindent=\dimen155
Package caption Info: Unknown document class (or package),
(caption)             standard defaults will be used.
)

Package caption Warning: Unsupported document class (or package) detected,
(caption)                usage of the caption package is not recommended.
See the caption package documentation for explanation.

Package caption Info: \@makecaption = \long macro:#1#2->\ifx \@captype \@IEEEta
blestring \footnotesize \bgroup \par \centering \@IEEEtabletopskipstrut {\norma
lfont \sffamily \footnotesize #1}\\{\normalfont \sffamily \footnotesize #2}\par
 \addvspace {0.5\baselineskip }\egroup \@IEEEtablecaptionsepspace \else \@IEEEf
igurecaptionsepspace \setbox \@tempboxa \hbox {\normalfont \sffamily \footnotes
ize {#1.}\nobreakspace #2}\ifdim \wd \@tempboxa >\hsize \setbox \@tempboxa \hbo
x {\normalfont \sffamily \footnotesize {#1.}\nobreakspace }\parbox [t]{\hsize }
{\normalfont \sffamily \footnotesize \noindent \unhbox \@tempboxa #2}\else \hbo
x to\hsize {\normalfont \sffamily \footnotesize \box \@tempboxa \hfil }\fi \fi 
.
\c@caption@flags=\count111
\c@ContinuedFloat=\count112
Package caption Info: float package is loaded.
Package caption Info: listings package is loaded.
)
\c@subfigure=\count113
\c@subtable=\count114
) (/usr/local/texlive/2018/texmf-dist/tex/latex/pgf/frontendlayer/tikz.sty
(/usr/local/texlive/2018/texmf-dist/tex/latex/pgf/basiclayer/pgf.sty
(/usr/local/texlive/2018/texmf-dist/tex/latex/pgf/utilities/pgfrcs.sty
(/usr/local/texlive/2018/texmf-dist/tex/generic/pgf/utilities/pgfutil-common.te
x
\pgfutil@everybye=\toks22
\pgfutil@tempdima=\dimen156
\pgfutil@tempdimb=\dimen157

(/usr/local/texlive/2018/texmf-dist/tex/generic/pgf/utilities/pgfutil-common-li
sts.tex))
(/usr/local/texlive/2018/texmf-dist/tex/generic/pgf/utilities/pgfutil-latex.def
\pgfutil@abb=\box35
(/usr/local/texlive/2018/texmf-dist/tex/latex/ms/everyshi.sty
Package: everyshi 2001/05/15 v3.00 EveryShipout Package (MS)
))
(/usr/local/texlive/2018/texmf-dist/tex/generic/pgf/utilities/pgfrcs.code.tex
(/usr/local/texlive/2018/texmf-dist/tex/generic/pgf/pgf.revision.tex)
Package: pgfrcs 2019/02/02 v3.1.1 (3.1.1)
))
Package: pgf 2019/02/02 v3.1.1 (3.1.1)

(/usr/local/texlive/2018/texmf-dist/tex/latex/pgf/basiclayer/pgfcore.sty
(/usr/local/texlive/2018/texmf-dist/tex/latex/pgf/systemlayer/pgfsys.sty
(/usr/local/texlive/2018/texmf-dist/tex/generic/pgf/systemlayer/pgfsys.code.tex
Package: pgfsys 2019/02/02 v3.1.1 (3.1.1)
(/usr/local/texlive/2018/texmf-dist/tex/generic/pgf/utilities/pgfkeys.code.tex
\pgfkeys@pathtoks=\toks23
\pgfkeys@temptoks=\toks24

(/usr/local/texlive/2018/texmf-dist/tex/generic/pgf/utilities/pgfkeysfiltered.c
ode.tex
\pgfkeys@tmptoks=\toks25
))
\pgf@x=\dimen158
\pgf@y=\dimen159
\pgf@xa=\dimen160
\pgf@ya=\dimen161
\pgf@xb=\dimen162
\pgf@yb=\dimen163
\pgf@xc=\dimen164
\pgf@yc=\dimen165
\w@pgf@writea=\write3
\r@pgf@reada=\read1
\c@pgf@counta=\count115
\c@pgf@countb=\count116
\c@pgf@countc=\count117
\c@pgf@countd=\count118
\t@pgf@toka=\toks26
\t@pgf@tokb=\toks27
\t@pgf@tokc=\toks28
\pgf@sys@id@count=\count119

(/usr/local/texlive/2018/texmf-dist/tex/generic/pgf/systemlayer/pgf.cfg
File: pgf.cfg 2019/02/02 v3.1.1 (3.1.1)
)
Driver file for pgf: pgfsys-pdftex.def

(/usr/local/texlive/2018/texmf-dist/tex/generic/pgf/systemlayer/pgfsys-pdftex.d
ef
File: pgfsys-pdftex.def 2019/02/02 v3.1.1 (3.1.1)

(/usr/local/texlive/2018/texmf-dist/tex/generic/pgf/systemlayer/pgfsys-common-p
df.def
File: pgfsys-common-pdf.def 2019/02/02 v3.1.1 (3.1.1)
)))
(/usr/local/texlive/2018/texmf-dist/tex/generic/pgf/systemlayer/pgfsyssoftpath.
code.tex
File: pgfsyssoftpath.code.tex 2019/02/02 v3.1.1 (3.1.1)
\pgfsyssoftpath@smallbuffer@items=\count120
\pgfsyssoftpath@bigbuffer@items=\count121
)
(/usr/local/texlive/2018/texmf-dist/tex/generic/pgf/systemlayer/pgfsysprotocol.
code.tex
File: pgfsysprotocol.code.tex 2019/02/02 v3.1.1 (3.1.1)
)) (/usr/local/texlive/2018/texmf-dist/tex/latex/xcolor/xcolor.sty
Package: xcolor 2016/05/11 v2.12 LaTeX color extensions (UK)

(/usr/local/texlive/2018/texmf-dist/tex/latex/graphics-cfg/color.cfg
File: color.cfg 2016/01/02 v1.6 sample color configuration
)
Package xcolor Info: Driver file: pdftex.def on input line 225.
Package xcolor Info: Model `cmy' substituted by `cmy0' on input line 1348.
Package xcolor Info: Model `hsb' substituted by `rgb' on input line 1352.
Package xcolor Info: Model `RGB' extended on input line 1364.
Package xcolor Info: Model `HTML' substituted by `rgb' on input line 1366.
Package xcolor Info: Model `Hsb' substituted by `hsb' on input line 1367.
Package xcolor Info: Model `tHsb' substituted by `hsb' on input line 1368.
Package xcolor Info: Model `HSB' substituted by `hsb' on input line 1369.
Package xcolor Info: Model `Gray' substituted by `gray' on input line 1370.
Package xcolor Info: Model `wave' substituted by `hsb' on input line 1371.
)
(/usr/local/texlive/2018/texmf-dist/tex/generic/pgf/basiclayer/pgfcore.code.tex
Package: pgfcore 2019/02/02 v3.1.1 (3.1.1)
(/usr/local/texlive/2018/texmf-dist/tex/generic/pgf/math/pgfmath.code.tex
(/usr/local/texlive/2018/texmf-dist/tex/generic/pgf/math/pgfmathcalc.code.tex
(/usr/local/texlive/2018/texmf-dist/tex/generic/pgf/math/pgfmathutil.code.tex)
(/usr/local/texlive/2018/texmf-dist/tex/generic/pgf/math/pgfmathparser.code.tex
\pgfmath@dimen=\dimen166
\pgfmath@count=\count122
\pgfmath@box=\box36
\pgfmath@toks=\toks29
\pgfmath@stack@operand=\toks30
\pgfmath@stack@operation=\toks31
)
(/usr/local/texlive/2018/texmf-dist/tex/generic/pgf/math/pgfmathfunctions.code.
tex
(/usr/local/texlive/2018/texmf-dist/tex/generic/pgf/math/pgfmathfunctions.basic
.code.tex)
(/usr/local/texlive/2018/texmf-dist/tex/generic/pgf/math/pgfmathfunctions.trigo
nometric.code.tex)
(/usr/local/texlive/2018/texmf-dist/tex/generic/pgf/math/pgfmathfunctions.rando
m.code.tex)
(/usr/local/texlive/2018/texmf-dist/tex/generic/pgf/math/pgfmathfunctions.compa
rison.code.tex)
(/usr/local/texlive/2018/texmf-dist/tex/generic/pgf/math/pgfmathfunctions.base.
code.tex)
(/usr/local/texlive/2018/texmf-dist/tex/generic/pgf/math/pgfmathfunctions.round
.code.tex)
(/usr/local/texlive/2018/texmf-dist/tex/generic/pgf/math/pgfmathfunctions.misc.
code.tex)
(/usr/local/texlive/2018/texmf-dist/tex/generic/pgf/math/pgfmathfunctions.integ
erarithmetics.code.tex)))
(/usr/local/texlive/2018/texmf-dist/tex/generic/pgf/math/pgfmathfloat.code.tex
\c@pgfmathroundto@lastzeros=\count123
))
(/usr/local/texlive/2018/texmf-dist/tex/generic/pgf/basiclayer/pgfcorepoints.co
de.tex
File: pgfcorepoints.code.tex 2019/02/02 v3.1.1 (3.1.1)
\pgf@picminx=\dimen167
\pgf@picmaxx=\dimen168
\pgf@picminy=\dimen169
\pgf@picmaxy=\dimen170
\pgf@pathminx=\dimen171
\pgf@pathmaxx=\dimen172
\pgf@pathminy=\dimen173
\pgf@pathmaxy=\dimen174
\pgf@xx=\dimen175
\pgf@xy=\dimen176
\pgf@yx=\dimen177
\pgf@yy=\dimen178
\pgf@zx=\dimen179
\pgf@zy=\dimen180
)
(/usr/local/texlive/2018/texmf-dist/tex/generic/pgf/basiclayer/pgfcorepathconst
ruct.code.tex
File: pgfcorepathconstruct.code.tex 2019/02/02 v3.1.1 (3.1.1)
\pgf@path@lastx=\dimen181
\pgf@path@lasty=\dimen182
)
(/usr/local/texlive/2018/texmf-dist/tex/generic/pgf/basiclayer/pgfcorepathusage
.code.tex
File: pgfcorepathusage.code.tex 2019/02/02 v3.1.1 (3.1.1)
\pgf@shorten@end@additional=\dimen183
\pgf@shorten@start@additional=\dimen184
)
(/usr/local/texlive/2018/texmf-dist/tex/generic/pgf/basiclayer/pgfcorescopes.co
de.tex
File: pgfcorescopes.code.tex 2019/02/02 v3.1.1 (3.1.1)
\pgfpic=\box37
\pgf@hbox=\box38
\pgf@layerbox@main=\box39
\pgf@picture@serial@count=\count124
)
(/usr/local/texlive/2018/texmf-dist/tex/generic/pgf/basiclayer/pgfcoregraphicst
ate.code.tex
File: pgfcoregraphicstate.code.tex 2019/02/02 v3.1.1 (3.1.1)
\pgflinewidth=\dimen185
)
(/usr/local/texlive/2018/texmf-dist/tex/generic/pgf/basiclayer/pgfcoretransform
ations.code.tex
File: pgfcoretransformations.code.tex 2019/02/02 v3.1.1 (3.1.1)
\pgf@pt@x=\dimen186
\pgf@pt@y=\dimen187
\pgf@pt@temp=\dimen188
)
(/usr/local/texlive/2018/texmf-dist/tex/generic/pgf/basiclayer/pgfcorequick.cod
e.tex
File: pgfcorequick.code.tex 2019/02/02 v3.1.1 (3.1.1)
)
(/usr/local/texlive/2018/texmf-dist/tex/generic/pgf/basiclayer/pgfcoreobjects.c
ode.tex
File: pgfcoreobjects.code.tex 2019/02/02 v3.1.1 (3.1.1)
)
(/usr/local/texlive/2018/texmf-dist/tex/generic/pgf/basiclayer/pgfcorepathproce
ssing.code.tex
File: pgfcorepathprocessing.code.tex 2019/02/02 v3.1.1 (3.1.1)
)
(/usr/local/texlive/2018/texmf-dist/tex/generic/pgf/basiclayer/pgfcorearrows.co
de.tex
File: pgfcorearrows.code.tex 2019/02/02 v3.1.1 (3.1.1)
\pgfarrowsep=\dimen189
)
(/usr/local/texlive/2018/texmf-dist/tex/generic/pgf/basiclayer/pgfcoreshade.cod
e.tex
File: pgfcoreshade.code.tex 2019/02/02 v3.1.1 (3.1.1)
\pgf@max=\dimen190
\pgf@sys@shading@range@num=\count125
)
(/usr/local/texlive/2018/texmf-dist/tex/generic/pgf/basiclayer/pgfcoreimage.cod
e.tex
File: pgfcoreimage.code.tex 2019/02/02 v3.1.1 (3.1.1)

(/usr/local/texlive/2018/texmf-dist/tex/generic/pgf/basiclayer/pgfcoreexternal.
code.tex
File: pgfcoreexternal.code.tex 2019/02/02 v3.1.1 (3.1.1)
\pgfexternal@startupbox=\box40
))
(/usr/local/texlive/2018/texmf-dist/tex/generic/pgf/basiclayer/pgfcorelayers.co
de.tex
File: pgfcorelayers.code.tex 2019/02/02 v3.1.1 (3.1.1)
)
(/usr/local/texlive/2018/texmf-dist/tex/generic/pgf/basiclayer/pgfcoretranspare
ncy.code.tex
File: pgfcoretransparency.code.tex 2019/02/02 v3.1.1 (3.1.1)
)
(/usr/local/texlive/2018/texmf-dist/tex/generic/pgf/basiclayer/pgfcorepatterns.
code.tex
File: pgfcorepatterns.code.tex 2019/02/02 v3.1.1 (3.1.1)
)
(/usr/local/texlive/2018/texmf-dist/tex/generic/pgf/basiclayer/pgfcorerdf.code.
tex
File: pgfcorerdf.code.tex 2019/02/02 v3.1.1 (3.1.1)
)))
(/usr/local/texlive/2018/texmf-dist/tex/generic/pgf/modules/pgfmoduleshapes.cod
e.tex
File: pgfmoduleshapes.code.tex 2019/02/02 v3.1.1 (3.1.1)
\pgfnodeparttextbox=\box41
)
(/usr/local/texlive/2018/texmf-dist/tex/generic/pgf/modules/pgfmoduleplot.code.
tex
File: pgfmoduleplot.code.tex 2019/02/02 v3.1.1 (3.1.1)
)
(/usr/local/texlive/2018/texmf-dist/tex/latex/pgf/compatibility/pgfcomp-version
-0-65.sty
Package: pgfcomp-version-0-65 2019/02/02 v3.1.1 (3.1.1)
\pgf@nodesepstart=\dimen191
\pgf@nodesepend=\dimen192
)
(/usr/local/texlive/2018/texmf-dist/tex/latex/pgf/compatibility/pgfcomp-version
-1-18.sty
Package: pgfcomp-version-1-18 2019/02/02 v3.1.1 (3.1.1)
))
(/usr/local/texlive/2018/texmf-dist/tex/latex/pgf/utilities/pgffor.sty
(/usr/local/texlive/2018/texmf-dist/tex/latex/pgf/utilities/pgfkeys.sty
(/usr/local/texlive/2018/texmf-dist/tex/generic/pgf/utilities/pgfkeys.code.tex)
) (/usr/local/texlive/2018/texmf-dist/tex/latex/pgf/math/pgfmath.sty
(/usr/local/texlive/2018/texmf-dist/tex/generic/pgf/math/pgfmath.code.tex))
(/usr/local/texlive/2018/texmf-dist/tex/generic/pgf/utilities/pgffor.code.tex
Package: pgffor 2019/02/02 v3.1.1 (3.1.1)

(/usr/local/texlive/2018/texmf-dist/tex/generic/pgf/math/pgfmath.code.tex)
\pgffor@iter=\dimen193
\pgffor@skip=\dimen194
\pgffor@stack=\toks32
\pgffor@toks=\toks33
))
(/usr/local/texlive/2018/texmf-dist/tex/generic/pgf/frontendlayer/tikz/tikz.cod
e.tex
Package: tikz 2019/02/02 v3.1.1 (3.1.1)

(/usr/local/texlive/2018/texmf-dist/tex/generic/pgf/libraries/pgflibraryplothan
dlers.code.tex
File: pgflibraryplothandlers.code.tex 2019/02/02 v3.1.1 (3.1.1)
\pgf@plot@mark@count=\count126
\pgfplotmarksize=\dimen195
)
\tikz@lastx=\dimen196
\tikz@lasty=\dimen197
\tikz@lastxsaved=\dimen198
\tikz@lastysaved=\dimen199
\tikzleveldistance=\dimen256
\tikzsiblingdistance=\dimen257
\tikz@figbox=\box42
\tikz@figbox@bg=\box43
\tikz@tempbox=\box44
\tikz@tempbox@bg=\box45
\tikztreelevel=\count127
\tikznumberofchildren=\count128
\tikznumberofcurrentchild=\count129
\tikz@fig@count=\count130

(/usr/local/texlive/2018/texmf-dist/tex/generic/pgf/modules/pgfmodulematrix.cod
e.tex
File: pgfmodulematrix.code.tex 2019/02/02 v3.1.1 (3.1.1)
\pgfmatrixcurrentrow=\count131
\pgfmatrixcurrentcolumn=\count132
\pgf@matrix@numberofcolumns=\count133
)
\tikz@expandcount=\count134

(/usr/local/texlive/2018/texmf-dist/tex/generic/pgf/frontendlayer/tikz/librarie
s/tikzlibrarytopaths.code.tex
File: tikzlibrarytopaths.code.tex 2019/02/02 v3.1.1 (3.1.1)
)))
(/usr/local/texlive/2018/texmf-dist/tex/generic/ulem/ulem.sty
\UL@box=\box46
\UL@hyphenbox=\box47
\UL@skip=\skip62
\UL@hook=\toks34
\UL@height=\dimen258
\UL@pe=\count135
\UL@pixel=\dimen259
\ULC@box=\box48
Package: ulem 2012/05/18
\ULdepth=\dimen260
)
(/usr/local/texlive/2018/texmf-dist/tex/latex/amsmath/amsmath.sty
Package: amsmath 2018/12/01 v2.17b AMS math features
\@mathmargin=\skip63

For additional information on amsmath, use the `?' option.
(/usr/local/texlive/2018/texmf-dist/tex/latex/amsmath/amstext.sty
Package: amstext 2000/06/29 v2.01 AMS text

(/usr/local/texlive/2018/texmf-dist/tex/latex/amsmath/amsgen.sty
File: amsgen.sty 1999/11/30 v2.0 generic functions
\@emptytoks=\toks35
\ex@=\dimen261
))
(/usr/local/texlive/2018/texmf-dist/tex/latex/amsmath/amsbsy.sty
Package: amsbsy 1999/11/29 v1.2d Bold Symbols
\pmbraise@=\dimen262
)
(/usr/local/texlive/2018/texmf-dist/tex/latex/amsmath/amsopn.sty
Package: amsopn 2016/03/08 v2.02 operator names
)
\inf@bad=\count136
LaTeX Info: Redefining \frac on input line 223.
\uproot@=\count137
\leftroot@=\count138
LaTeX Info: Redefining \overline on input line 385.
\classnum@=\count139
\DOTSCASE@=\count140
LaTeX Info: Redefining \ldots on input line 482.
LaTeX Info: Redefining \dots on input line 485.
LaTeX Info: Redefining \cdots on input line 606.
\Mathstrutbox@=\box49
\strutbox@=\box50
\big@size=\dimen263
LaTeX Font Info:    Redeclaring font encoding OML on input line 729.
LaTeX Font Info:    Redeclaring font encoding OMS on input line 730.
\macc@depth=\count141
\c@MaxMatrixCols=\count142
\dotsspace@=\muskip11
\c@parentequation=\count143
\dspbrk@lvl=\count144
\tag@help=\toks36
\row@=\count145
\column@=\count146
\maxfields@=\count147
\andhelp@=\toks37
\eqnshift@=\dimen264
\alignsep@=\dimen265
\tagshift@=\dimen266
\tagwidth@=\dimen267
\totwidth@=\dimen268
\lineht@=\dimen269
\@envbody=\toks38
\multlinegap=\skip64
\multlinetaggap=\skip65
\mathdisplay@stack=\toks39
LaTeX Info: Redefining \[ on input line 2844.
LaTeX Info: Redefining \] on input line 2845.
)
(/usr/local/texlive/2018/texmf-dist/tex/latex/psnfss/mathpazo.sty
Package: mathpazo 2005/04/12 PSNFSS-v9.2a Palatino w/ Pazo Math (D.Puga, WaS) 
\symupright=\mathgroup4
)
(/usr/local/texlive/2018/texmf-dist/tex/latex/amsfonts/amsfonts.sty
Package: amsfonts 2013/01/14 v3.01 Basic AMSFonts support
\symAMSa=\mathgroup5
\symAMSb=\mathgroup6
LaTeX Font Info:    Overwriting math alphabet `\mathfrak' in version `bold'
(Font)                  U/euf/m/n --> U/euf/b/n on input line 106.
)
(/usr/local/texlive/2018/texmf-dist/tex/latex/framed/framed.sty
Package: framed 2011/10/22 v 0.96: framed or shaded text with page breaks
\OuterFrameSep=\skip66
\fb@frw=\dimen270
\fb@frh=\dimen271
\FrameRule=\dimen272
\FrameSep=\dimen273
)
(/usr/local/texlive/2018/texmf-dist/tex/latex/cleveref/cleveref.sty
Package: cleveref 2018/03/27 v0.21.4 Intelligent cross-referencing
Package cleveref Info: `listings' support loaded on input line 3131.
)
(/usr/local/texlive/2018/texmf-dist/tex/latex/listings/lstlang1.sty
File: lstlang1.sty 2018/09/02 1.7 listings language file
)
(/usr/local/texlive/2018/texmf-dist/tex/latex/etoolbox/etoolbox.sty
Package: etoolbox 2018/08/19 v2.5f e-TeX tools for LaTeX (JAW)
\etb@tempcnta=\count148
)
(./cloverflow.aux)
\openout1 = `cloverflow.aux'.

LaTeX Font Info:    Checking defaults for OML/cmm/m/it on input line 68.
LaTeX Font Info:    ... okay on input line 68.
LaTeX Font Info:    Checking defaults for T1/cmr/m/n on input line 68.
LaTeX Font Info:    ... okay on input line 68.
LaTeX Font Info:    Checking defaults for OT1/cmr/m/n on input line 68.
LaTeX Font Info:    ... okay on input line 68.
LaTeX Font Info:    Checking defaults for OMS/cmsy/m/n on input line 68.
LaTeX Font Info:    ... okay on input line 68.
LaTeX Font Info:    Checking defaults for OMX/cmex/m/n on input line 68.
LaTeX Font Info:    ... okay on input line 68.
LaTeX Font Info:    Checking defaults for U/cmr/m/n on input line 68.
LaTeX Font Info:    ... okay on input line 68.
LaTeX Font Info:    Font shape `T1/ppl/bx/n' in size <5.01874> not available
(Font)              Font shape `T1/ppl/b/n' tried instead on input line 68.
LaTeX Font Info:    Font shape `T1/ppl/bx/it' in size <5.01874> not available
(Font)              Font shape `T1/ppl/b/it' tried instead on input line 68.
LaTeX Font Info:    Font shape `T1/ppl/bx/n' in size <7.02625> not available
(Font)              Font shape `T1/ppl/b/n' tried instead on input line 68.
LaTeX Font Info:    Font shape `T1/ppl/bx/it' in size <7.02625> not available
(Font)              Font shape `T1/ppl/b/it' tried instead on input line 68.
LaTeX Font Info:    Font shape `T1/ppl/bx/n' in size <8.03> not available
(Font)              Font shape `T1/ppl/b/n' tried instead on input line 68.
LaTeX Font Info:    Font shape `T1/ppl/bx/it' in size <8.03> not available
(Font)              Font shape `T1/ppl/b/it' tried instead on input line 68.
LaTeX Font Info:    Font shape `T1/ppl/bx/n' in size <9.03374> not available
(Font)              Font shape `T1/ppl/b/n' tried instead on input line 68.
LaTeX Font Info:    Font shape `T1/ppl/bx/it' in size <9.03374> not available
(Font)              Font shape `T1/ppl/b/it' tried instead on input line 68.
LaTeX Font Info:    Font shape `T1/ppl/bx/n' in size <9.53561> not available
(Font)              Font shape `T1/ppl/b/n' tried instead on input line 68.
LaTeX Font Info:    Font shape `T1/ppl/bx/it' in size <9.53561> not available
(Font)              Font shape `T1/ppl/b/it' tried instead on input line 68.
LaTeX Font Info:    Font shape `T1/ppl/bx/n' in size <11.04124> not available
(Font)              Font shape `T1/ppl/b/n' tried instead on input line 68.
LaTeX Font Info:    Font shape `T1/ppl/bx/it' in size <11.04124> not available
(Font)              Font shape `T1/ppl/b/it' tried instead on input line 68.
LaTeX Font Info:    Font shape `T1/ppl/bx/n' in size <12.045> not available
(Font)              Font shape `T1/ppl/b/n' tried instead on input line 68.
LaTeX Font Info:    Font shape `T1/ppl/bx/it' in size <12.045> not available
(Font)              Font shape `T1/ppl/b/it' tried instead on input line 68.
LaTeX Font Info:    Font shape `T1/ppl/bx/n' in size <17.06374> not available
(Font)              Font shape `T1/ppl/b/n' tried instead on input line 68.
LaTeX Font Info:    Font shape `T1/ppl/bx/it' in size <17.06374> not available
(Font)              Font shape `T1/ppl/b/it' tried instead on input line 68.
LaTeX Font Info:    Font shape `T1/ppl/bx/n' in size <20.075> not available
(Font)              Font shape `T1/ppl/b/n' tried instead on input line 68.
LaTeX Font Info:    Font shape `T1/ppl/bx/it' in size <20.075> not available
(Font)              Font shape `T1/ppl/b/it' tried instead on input line 68.
LaTeX Font Info:    Font shape `T1/ppl/bx/n' in size <24.09> not available
(Font)              Font shape `T1/ppl/b/n' tried instead on input line 68.
LaTeX Font Info:    Font shape `T1/ppl/bx/it' in size <24.09> not available
(Font)              Font shape `T1/ppl/b/it' tried instead on input line 68.

-- Lines per column: 61 (exact).
(/usr/local/texlive/2018/texmf-dist/tex/context/base/mkii/supp-pdf.mkii
[Loading MPS to PDF converter (version 2006.09.02).]
\scratchcounter=\count149
\scratchdimen=\dimen274
\scratchbox=\box51
\nofMPsegments=\count150
\nofMParguments=\count151
\everyMPshowfont=\toks40
\MPscratchCnt=\count152
\MPscratchDim=\dimen275
\MPnumerator=\count153
\makeMPintoPDFobject=\count154
\everyMPtoPDFconversion=\toks41
) (/usr/local/texlive/2018/texmf-dist/tex/latex/oberdiek/epstopdf-base.sty
Package: epstopdf-base 2016/05/15 v2.6 Base part for package epstopdf

(/usr/local/texlive/2018/texmf-dist/tex/generic/oberdiek/infwarerr.sty
Package: infwarerr 2016/05/16 v1.4 Providing info/warning/error messages (HO)
)
(/usr/local/texlive/2018/texmf-dist/tex/latex/oberdiek/grfext.sty
Package: grfext 2016/05/16 v1.2 Manage graphics extensions (HO)

(/usr/local/texlive/2018/texmf-dist/tex/generic/oberdiek/kvdefinekeys.sty
Package: kvdefinekeys 2016/05/16 v1.4 Define keys (HO)

(/usr/local/texlive/2018/texmf-dist/tex/generic/oberdiek/ltxcmds.sty
Package: ltxcmds 2016/05/16 v1.23 LaTeX kernel commands for general use (HO)
)))
(/usr/local/texlive/2018/texmf-dist/tex/latex/oberdiek/kvoptions.sty
Package: kvoptions 2016/05/16 v3.12 Key value format for package options (HO)

(/usr/local/texlive/2018/texmf-dist/tex/generic/oberdiek/kvsetkeys.sty
Package: kvsetkeys 2016/05/16 v1.17 Key value parser (HO)

(/usr/local/texlive/2018/texmf-dist/tex/generic/oberdiek/etexcmds.sty
Package: etexcmds 2016/05/16 v1.6 Avoid name clashes with e-TeX commands (HO)

(/usr/local/texlive/2018/texmf-dist/tex/generic/oberdiek/ifluatex.sty
Package: ifluatex 2016/05/16 v1.4 Provides the ifluatex switch (HO)
Package ifluatex Info: LuaTeX not detected.
)
Package etexcmds Info: Could not find \expanded.
(etexcmds)             That can mean that you are not using pdfTeX 1.50 or
(etexcmds)             that some package has redefined \expanded.
(etexcmds)             In the latter case, load this package earlier.
)))
(/usr/local/texlive/2018/texmf-dist/tex/generic/oberdiek/pdftexcmds.sty
Package: pdftexcmds 2018/09/10 v0.29 Utility functions of pdfTeX for LuaTeX (HO
)

(/usr/local/texlive/2018/texmf-dist/tex/generic/oberdiek/ifpdf.sty
Package: ifpdf 2018/09/07 v3.3 Provides the ifpdf switch
)
Package pdftexcmds Info: LuaTeX not detected.
Package pdftexcmds Info: \pdf@primitive is available.
Package pdftexcmds Info: \pdf@ifprimitive is available.
Package pdftexcmds Info: \pdfdraftmode found.
)
Package epstopdf-base Info: Redefining graphics rule for `.eps' on input line 4
38.
Package grfext Info: Graphics extension search list:
(grfext)             [.pdf,.png,.jpg,.mps,.jpeg,.jbig2,.jb2,.PDF,.PNG,.JPG,.JPE
G,.JBIG2,.JB2,.eps]
(grfext)             \AppendGraphicsExtensions on input line 456.

(/usr/local/texlive/2018/texmf-dist/tex/latex/latexconfig/epstopdf-sys.cfg
File: epstopdf-sys.cfg 2010/07/13 v1.3 Configuration of (r)epstopdf for TeX Liv
e
))
\c@lstlisting=\count155

ABD: EverySelectfont initializing macros
LaTeX Info: Redefining \selectfont on input line 68.
Package caption Info: Begin \AtBeginDocument code.
Package caption Info: End \AtBeginDocument code.
 ABD: EveryShipout initializing macros
LaTeX Font Info:    Try loading font information for T1+phv on input line 159.

(/usr/local/texlive/2018/texmf-dist/tex/latex/psnfss/t1phv.fd
File: t1phv.fd 2001/06/04 scalable font definitions for T1/phv.
)
LaTeX Font Info:    Font shape `T1/phv/bx/n' in size <8.03> not available
(Font)              Font shape `T1/phv/b/n' tried instead on input line 159.
LaTeX Font Info:    Calculating math sizes for size <11.04124> on input line 15
9.
LaTeX Font Info:    Try loading font information for OML+zplm on input line 159
.

(/usr/local/texlive/2018/texmf-dist/tex/latex/psnfss/omlzplm.fd
File: omlzplm.fd 2002/09/08 Fontinst v1.914 font definitions for OML/zplm.
)
LaTeX Font Info:    Try loading font information for OMS+zplm on input line 159
.

(/usr/local/texlive/2018/texmf-dist/tex/latex/psnfss/omszplm.fd
File: omszplm.fd 2002/09/08 Fontinst v1.914 font definitions for OMS/zplm.
)
LaTeX Font Info:    Try loading font information for OMX+zplm on input line 159
.

(/usr/local/texlive/2018/texmf-dist/tex/latex/psnfss/omxzplm.fd
File: omxzplm.fd 2002/09/08 Fontinst v1.914 font definitions for OMX/zplm.
)
LaTeX Font Info:    Try loading font information for OT1+zplm on input line 159
.

(/usr/local/texlive/2018/texmf-dist/tex/latex/psnfss/ot1zplm.fd
File: ot1zplm.fd 2002/09/08 Fontinst v1.914 font definitions for OT1/zplm.
)
LaTeX Font Info:    Font shape `U/msa/m/n' will be
(Font)              scaled to size 11.50505pt on input line 159.
LaTeX Font Info:    Font shape `U/msa/m/n' will be
(Font)              scaled to size 8.74377pt on input line 159.
LaTeX Font Info:    Font shape `U/msa/m/n' will be
(Font)              scaled to size 6.90309pt on input line 159.
LaTeX Font Info:    Font shape `U/msb/m/n' will be
(Font)              scaled to size 11.50505pt on input line 159.
LaTeX Font Info:    Font shape `U/msb/m/n' will be
(Font)              scaled to size 8.74377pt on input line 159.
LaTeX Font Info:    Font shape `U/msb/m/n' will be
(Font)              scaled to size 6.90309pt on input line 159.
LaTeX Font Info:    Try loading font information for U+pzd on input line 159.

(/usr/local/texlive/2018/texmf-dist/tex/latex/psnfss/upzd.fd
File: upzd.fd 2001/06/04 font definitions for U/pzd.
)
LaTeX Font Info:    Font shape `T1/phv/bx/n' in size <11.04124> not available
(Font)              Font shape `T1/phv/b/n' tried instead on input line 185.
LaTeX Font Info:    Font shape `T1/phv/bx/sc' in size <11.04124> not available
(Font)              Font shape `T1/phv/b/sc' tried instead on input line 185.
LaTeX Font Info:    Calculating math sizes for size <9.53561> on input line 190
.
LaTeX Font Info:    Font shape `U/msa/m/n' will be
(Font)              scaled to size 9.93617pt on input line 190.
LaTeX Font Info:    Font shape `U/msa/m/n' will be
(Font)              scaled to size 7.55144pt on input line 190.
LaTeX Font Info:    Font shape `U/msa/m/n' will be
(Font)              scaled to size 5.96176pt on input line 190.
LaTeX Font Info:    Font shape `U/msb/m/n' will be
(Font)              scaled to size 9.93617pt on input line 190.
LaTeX Font Info:    Font shape `U/msb/m/n' will be
(Font)              scaled to size 7.55144pt on input line 190.
LaTeX Font Info:    Font shape `U/msb/m/n' will be
(Font)              scaled to size 5.96176pt on input line 190.
LaTeX Font Info:    Calculating math sizes for size <8.03> on input line 191.
LaTeX Font Info:    Font shape `U/msa/m/n' will be
(Font)              scaled to size 8.36731pt on input line 191.
LaTeX Font Info:    Font shape `U/msa/m/n' will be
(Font)              scaled to size 6.3591pt on input line 191.
LaTeX Font Info:    Font shape `U/msa/m/n' will be
(Font)              scaled to size 5.02043pt on input line 191.
LaTeX Font Info:    Font shape `U/msb/m/n' will be
(Font)              scaled to size 8.36731pt on input line 191.
LaTeX Font Info:    Font shape `U/msb/m/n' will be
(Font)              scaled to size 6.3591pt on input line 191.
LaTeX Font Info:    Font shape `U/msb/m/n' will be
(Font)              scaled to size 5.02043pt on input line 191.
LaTeX Font Info:    Try loading font information for T1+pcr on input line 228.

(/usr/local/texlive/2018/texmf-dist/tex/latex/psnfss/t1pcr.fd
File: t1pcr.fd 2001/06/04 font definitions for T1/pcr.
)
LaTeX Font Info:    Font shape `T1/pcr/m/it' in size <8.03> not available
(Font)              Font shape `T1/pcr/m/sl' tried instead on input line 229.
LaTeX Font Info:    Font shape `T1/pcr/bx/n' in size <8.03> not available
(Font)              Font shape `T1/pcr/b/n' tried instead on input line 230.
 [1{/usr/local/texlive/2018/texmf-var/fonts/map/pdftex/updmap/pdftex.map}


]
LaTeX Font Info:    Font shape `T1/pcr/m/it' in size <9.53561> not available
(Font)              Font shape `T1/pcr/m/sl' tried instead on input line 288.

Underfull \hbox (badness 3199) in paragraph at lines 312--312
[][][]\T1/ppl/m/n/8.03 Discussions about out-dated an-swers and code li-cense o
n
 []


Underfull \hbox (badness 10000) in paragraph at lines 312--312
\T1/ppl/m/n/8.03 Stack Over-flow: meta.stackexchange.com/questions/131495,
 []


Underfull \hbox (badness 10000) in paragraph at lines 312--312
\T1/ppl/m/n/8.03 meta.stackexchange.com/questions/11705/,
 []


Underfull \hbox (badness 10000) in paragraph at lines 312--312
\T1/ppl/m/n/8.03 meta.stackexchange.com/questions/12527,
 []


Underfull \hbox (badness 10000) in paragraph at lines 312--312
\T1/ppl/m/n/8.03 meta.stackexchange.com/questions/25956,
 []


Overfull \hbox (26.5034pt too wide) in paragraph at lines 354--355
[][][][][][][][][][][][][][][][][][][][][][][][][][][][][] 
 []

[2] [3]
<exp_framework_new.png, id=24, 316.0608pt x 310.761pt>
File: exp_framework_new.png Graphic file (type png)
<use exp_framework_new.png>
Package pdftex.def Info: exp_framework_new.png  used on input line 504.
(pdftex.def)             Requested size: 252.94499pt x 248.71346pt.
LaTeX Font Info:    Font shape `T1/phv/bx/n' in size <9.53561> not available
(Font)              Font shape `T1/phv/b/n' tried instead on input line 516.

Underfull \hbox (badness 2913) in paragraph at lines 538--538
[][][]\T1/ppl/m/n/8.03 Stack Over-flow Rep-u-ta-tion: $https : / / stackover^^]
ow . com / help /
 []


Underfull \hbox (badness 1509) in paragraph at lines 545--545
[][][]\T1/ppl/m/n/8.03 Stack Over-flow Users (data as of 25 July 2017): $https 
: / /
 []

[4 <./exp_framework_new.png>]
LaTeX Font Info:    Font shape `T1/phv/m/it' in size <9.53561> not available
(Font)              Font shape `T1/phv/m/sl' tried instead on input line 582.
 [5] [6]
Package epstopdf Info: Source file: <clone_merging.eps>
(epstopdf)                    date: 2019-02-16 22:48:28
(epstopdf)                    size: 124640 bytes
(epstopdf)             Output file: <clone_merging-eps-converted-to.pdf>
(epstopdf)                    date: 2019-02-28 22:02:41
(epstopdf)                    size: 97581 bytes
(epstopdf)             Command: <repstopdf --outfile=clone_merging-eps-converte
d-to.pdf clone_merging.eps>
(epstopdf)             \includegraphics on input line 940.
Package epstopdf Info: Output file is already uptodate.
<clone_merging-eps-converted-to.pdf, id=38, 594.22pt x 158.5925pt>
File: clone_merging-eps-converted-to.pdf Graphic file (type pdf)
<use clone_merging-eps-converted-to.pdf>
Package pdftex.def Info: clone_merging-eps-converted-to.pdf  used on input line
 940.
(pdftex.def)             Requested size: 202.35675pt x 54.00784pt.
 [7 <./clone_merging-eps-converted-to.pdf>]
Package epstopdf Info: Source file: <classification_process.eps>
(epstopdf)                    date: 2019-02-16 22:47:08
(epstopdf)                    size: 52959 bytes
(epstopdf)             Output file: <classification_process-eps-converted-to.pd
f>
(epstopdf)                    date: 2019-02-28 22:02:41
(epstopdf)                    size: 11709 bytes
(epstopdf)             Command: <repstopdf --outfile=classification_process-eps
-converted-to.pdf classification_process.eps>
(epstopdf)             \includegraphics on input line 1085.
Package epstopdf Info: Output file is already uptodate.
<classification_process-eps-converted-to.pdf, id=47, 522.95375pt x 254.9525pt>
File: classification_process-eps-converted-to.pdf Graphic file (type pdf)
<use classification_process-eps-converted-to.pdf>
Package pdftex.def Info: classification_process-eps-converted-to.pdf  used on i
nput line 1085.
(pdftex.def)             Requested size: 227.64894pt x 110.98512pt.
 [8 <./classification_process-eps-converted-to.pdf>]
Underfull \hbox (badness 2343) in paragraph at lines 1182--1182
 \T1/phv/b/n/9.53561 3.1 RQ1: Stack Over-flow An-swer-ers' and Vis-i-tors'
 []

Package epstopdf Info: Source file: <survey_snippet_source.eps>
(epstopdf)                    date: 2019-02-16 22:49:09
(epstopdf)                    size: 221951 bytes
(epstopdf)             Output file: <survey_snippet_source-eps-converted-to.pdf
>
(epstopdf)                    date: 2019-02-28 22:02:42
(epstopdf)                    size: 100537 bytes
(epstopdf)             Command: <repstopdf --outfile=survey_snippet_source-eps-
converted-to.pdf survey_snippet_source.eps>
(epstopdf)             \includegraphics on input line 1254.
Package epstopdf Info: Output file is already uptodate.
<survey_snippet_source-eps-converted-to.pdf, id=57, 506.89375pt x 409.53pt>
File: survey_snippet_source-eps-converted-to.pdf Graphic file (type pdf)
<use survey_snippet_source-eps-converted-to.pdf>
Package pdftex.def Info: survey_snippet_source-eps-converted-to.pdf  used on in
put line 1254.
(pdftex.def)             Requested size: 227.64894pt x 183.9181pt.
[9 <./survey_snippet_source-eps-converted-to.pdf>]
Overfull \vbox (0.73796pt too high) detected at line 1460
 []

[10]
Overfull \hbox (5.38689pt too wide) in paragraph at lines 1536--1550
 [][] 
 []


Underfull \vbox (badness 10000) detected at line 1624
 []

[11]
Package epstopdf Info: Source file: <boxplot_clone_age.eps>
(epstopdf)                    date: 2019-02-16 22:47:58
(epstopdf)                    size: 39024 bytes
(epstopdf)             Output file: <boxplot_clone_age-eps-converted-to.pdf>
(epstopdf)                    date: 2019-02-28 22:02:43
(epstopdf)                    size: 10082 bytes
(epstopdf)             Command: <repstopdf --outfile=boxplot_clone_age-eps-conv
erted-to.pdf boxplot_clone_age.eps>
(epstopdf)             \includegraphics on input line 1788.
Package epstopdf Info: Output file is already uptodate.
<boxplot_clone_age-eps-converted-to.pdf, id=70, 396.48125pt x 145.54375pt>
File: boxplot_clone_age-eps-converted-to.pdf Graphic file (type pdf)
<use boxplot_clone_age-eps-converted-to.pdf>
Package pdftex.def Info: boxplot_clone_age-eps-converted-to.pdf  used on input 
line 1788.
(pdftex.def)             Requested size: 227.64894pt x 83.56929pt.

Overfull \hbox (16.86519pt too wide) in paragraph at lines 1810--1811
[][][][][][][][][][][][][][][][][] 
 []


Overfull \hbox (7.22911pt too wide) in paragraph at lines 1826--1827
[][][][][][][][][][][][][][][][][][][][][] 
 []

Package epstopdf Info: Source file: <ex_sources.eps>
(epstopdf)                    date: 2019-02-16 22:48:41
(epstopdf)                    size: 50489 bytes
(epstopdf)             Output file: <ex_sources-eps-converted-to.pdf>
(epstopdf)                    date: 2019-02-28 22:02:43
(epstopdf)                    size: 13639 bytes
(epstopdf)             Command: <repstopdf --outfile=ex_sources-eps-converted-t
o.pdf ex_sources.eps>
(epstopdf)             \includegraphics on input line 1847.
Package epstopdf Info: Output file is already uptodate.
<ex_sources-eps-converted-to.pdf, id=71, 633.36626pt x 426.59375pt>
File: ex_sources-eps-converted-to.pdf Graphic file (type pdf)
<use ex_sources-eps-converted-to.pdf>
Package pdftex.def Info: ex_sources-eps-converted-to.pdf  used on input line 18
47.
(pdftex.def)             Requested size: 227.64894pt x 153.32626pt.

Underfull \hbox (badness 4739) in paragraph at lines 1852--1882
\T1/ppl/m/n/9.53561 project. For ex-am-ple, Stack Over-flow Post 9549009
 []


Overfull \hbox (9.0901pt too wide) in paragraph at lines 1852--1882
\T1/ppl/m/it/9.53561 org.bouncycastle.crypto.generators.PKCS5S2ParametersGenera
tor''
 []


Underfull \hbox (badness 1454) in paragraph at lines 1852--1882
\T1/ppl/m/n/9.53561 15260207. The text sur-round-ing source code reads ``\T1/pp
l/m/it/9.53561 I
 []

[12 <./boxplot_clone_age-eps-converted-to.pdf>] [13 <./ex_sources-eps-converted
-to.pdf>]
Package epstopdf Info: Source file: <outdated.eps>
(epstopdf)                    date: 2019-02-16 22:49:03
(epstopdf)                    size: 35839 bytes
(epstopdf)             Output file: <outdated-eps-converted-to.pdf>
(epstopdf)                    date: 2019-02-28 22:02:44
(epstopdf)                    size: 13567 bytes
(epstopdf)             Command: <repstopdf --outfile=outdated-eps-converted-to.
pdf outdated.eps>
(epstopdf)             \includegraphics on input line 1948.
Package epstopdf Info: Output file is already uptodate.
<outdated-eps-converted-to.pdf, id=87, 867.24pt x 289.08pt>
File: outdated-eps-converted-to.pdf Graphic file (type pdf)
<use outdated-eps-converted-to.pdf>
Package pdftex.def Info: outdated-eps-converted-to.pdf  used on input line 1948
.
(pdftex.def)             Requested size: 414.34956pt x 138.11722pt.

Underfull \hbox (badness 2990) in paragraph at lines 1990--2007
\T1/ppl/m/n/9.53561 Over-flow code out-dated by go-ing through com-mits
 []


Underfull \hbox (badness 10000) in paragraph at lines 1990--2007
\T1/ppl/m/n/9.53561 state-ment mod-i-fi-ca-tion, state-ment re-moval, method
 []


Underfull \hbox (badness 1509) in paragraph at lines 1990--2007
\T1/ppl/m/n/9.53561 mod-i-fi-ca-tions ap-plied to one clone pair at the same
 []


Underfull \hbox (badness 1755) in paragraph at lines 1990--2007
\T1/ppl/m/n/9.53561 be lo-cated in the lat-est ver-sion of the projects. For
 []


Underfull \hbox (badness 10000) in paragraph at lines 1990--2007
\T1/ppl/m/n/9.53561 copy of \T1/pcr/m/n/9.03374 DefaultAnnotationHandlerMapping
.java
 []


Underfull \hbox (badness 10000) in paragraph at lines 1990--2007
\T1/ppl/m/n/9.53561 in \T1/phv/m/n/9.53561 spring\T1/ppl/m/n/9.53561 , was dele
ted in the com-mit
 []


Underfull \hbox (badness 10000) in paragraph at lines 1990--2007
\T1/pcr/m/n/9.03374 02a4473c62d8240837bec297f0a1f3cb67ef8a7b \T1/ppl/m/n/9.5356
1 on
 []

[14] [15 <./outdated-eps-converted-to.pdf>]
Underfull \hbox (badness 10000) in paragraph at lines 2155--2155
[][][]\T1/ppl/m/n/8.03 Apache Hive bug re-port: $https : / / issues . apache . 
org / jira /
 []


Overfull \hbox (6.20956pt too wide) in paragraph at lines 2232--2232
[]|\T1/ppl/m/n/8.03 LesserGPLv2.1+/3+| 
 []

[16] [17] [18] [19] (./cloverflow.bbl
Underfull \hbox (badness 1558) in paragraph at lines 10--15
[]\T1/ppl/m/n/8.03 Yasemin Acar, Michael Backes, Sascha Fahl, Doowon Kim,
 []

[20]
Underfull \hbox (badness 10000) in paragraph at lines 101--105
\T1/ppl/m/n/8.03 https : / / www . cs . duke . edu / courses / cps182s / fall02
 / cscopyright /
 []


Underfull \hbox (badness 5316) in paragraph at lines 160--164
[]\T1/ppl/m/n/8.03 Toshihiro Kamiya, Shinji Kusumoto, and Kat-suro In-oue.
 []

[21]
Underfull \hbox (badness 1502) in paragraph at lines 366--368
[]\T1/ppl/m/n/8.03 Simian--similarity anal-yser.  $http : / / www . harukizaemo
n . com /
 []

)
<cragkhit.png, id=147, 240.9pt x 301.125pt>
File: cragkhit.png Graphic file (type png)
<use cragkhit.png>
Package pdftex.def Info: cragkhit.png  used on input line 2803.
(pdftex.def)             Requested size: 72.26688pt x 90.33359pt.
File: cragkhit.png Graphic file (type png)
<use cragkhit.png>
Package pdftex.def Info: cragkhit.png  used on input line 2803.
(pdftex.def)             Requested size: 72.26688pt x 90.33359pt.
<jkrinke.png, id=150, 562.7424pt x 703.428pt>
File: jkrinke.png Graphic file (type png)
<use jkrinke.png>
Package pdftex.def Info: jkrinke.png  used on input line 2809.
(pdftex.def)             Requested size: 72.26605pt x 90.33257pt.
File: jkrinke.png Graphic file (type png)
<use jkrinke.png>
Package pdftex.def Info: jkrinke.png  used on input line 2809.
(pdftex.def)             Requested size: 72.26605pt x 90.33257pt.
<mpaixao.png, id=153, 130.4875pt x 163.61125pt>
File: mpaixao.png Graphic file (type png)
<use mpaixao.png>
Package pdftex.def Info: mpaixao.png  used on input line 2820.
(pdftex.def)             Requested size: 72.04709pt x 90.33597pt.
File: mpaixao.png Graphic file (type png)
<use mpaixao.png>
Package pdftex.def Info: mpaixao.png  used on input line 2820.
(pdftex.def)             Requested size: 72.04709pt x 90.33597pt.
<giuseppe.png, id=156, 237.88875pt x 297.11pt>
File: giuseppe.png Graphic file (type png)
<use giuseppe.png>
Package pdftex.def Info: giuseppe.png  used on input line 2825.
(pdftex.def)             Requested size: 72.27101pt x 90.26253pt.
File: giuseppe.png Graphic file (type png)
<use giuseppe.png>
Package pdftex.def Info: giuseppe.png  used on input line 2825.
(pdftex.def)             Requested size: 72.27101pt x 90.26253pt.
<rocco.png, id=159, 136.51pt x 170.6375pt>
File: rocco.png Graphic file (type png)
<use rocco.png>
Package pdftex.def Info: rocco.png  used on input line 2834.
(pdftex.def)             Requested size: 72.2708pt x 90.33849pt.
File: rocco.png Graphic file (type png)
<use rocco.png>
Package pdftex.def Info: rocco.png  used on input line 2834.
(pdftex.def)             Requested size: 72.2708pt x 90.33849pt.
 [22 <./cragkhit.png> <./jkrinke.png> <./mpaixao.png> <./giuseppe.png> <./rocco
.png>] (./cloverflow.aux) ) 
Here is how much of TeX's memory you used:
 19695 strings out of 492616
 372724 string characters out of 6128982
 614352 words of memory out of 5000000
 23182 multiletter control sequences out of 15000+600000
 124574 words of font info for 215 fonts, out of 8000000 for 9000
 1141 hyphenation exceptions out of 8191
 55i,11n,48p,835b,1289s stack positions out of 5000i,500n,10000p,200000b,80000s
{/usr/local/texlive/2018/texmf-dist/fonts/enc/dvips/
base/8r.enc}</usr/local/texlive/2018/texmf-dist/fonts/type1/public/amsfonts/cm/
cmr10.pfb></usr/local/texlive/2018/texmf-dist/fonts/type1/public/amsfonts/cm/cm
sy10.pfb></usr/local/texlive/2018/texmf-dist/fonts/type1/urw/courier/ucrb8a.pfb
></usr/local/texlive/2018/texmf-dist/fonts/type1/urw/courier/ucrr8a.pfb></usr/l
ocal/texlive/2018/texmf-dist/fonts/type1/urw/courier/ucrro8a.pfb></usr/local/te
xlive/2018/texmf-dist/fonts/type1/urw/helvetic/uhvb8a.pfb></usr/local/texlive/2
018/texmf-dist/fonts/type1/urw/helvetic/uhvr8a.pfb></usr/local/texlive/2018/tex
mf-dist/fonts/type1/urw/helvetic/uhvro8a.pfb></usr/local/texlive/2018/texmf-dis
t/fonts/type1/urw/palatino/uplb8a.pfb></usr/local/texlive/2018/texmf-dist/fonts
/type1/urw/palatino/uplbi8a.pfb></usr/local/texlive/2018/texmf-dist/fonts/type1
/urw/palatino/uplr8a.pfb></usr/local/texlive/2018/texmf-dist/fonts/type1/urw/pa
latino/uplri8a.pfb></usr/local/texlive/2018/texmf-dist/fonts/type1/urw/zapfding
/uzdr.pfb>
Output written on cloverflow.pdf (22 pages, 14202300 bytes).
PDF statistics:
 217 PDF objects out of 1000 (max. 8388607)
 117 compressed objects within 2 object streams
 0 named destinations out of 1000 (max. 500000)
 133 words of extra memory for PDF output out of 10000 (max. 10000000)

